<?xml version="1.0" encoding="UTF-8"?>
<!-- Generated by org.testng.reporters.JUnitReportReporter -->
<testsuite hostname="DESKTOP-SGFIFQM" failures="0" tests="1" name="sample_project.LaptopTest" time="3.384" errors="0" timestamp="2025-05-22T13:22:18 IST" skipped="0">
  <testcase classname="sample_project.LaptopTest" name="launch" time="3.384">
    <system-out>
      <![CDATA[Laptop is collected]]>
    </system-out>
  </testcase> <!-- launch -->
  <system-out>
    <![CDATA[Laptop is collected]]>
  </system-out>
</testsuite> <!-- sample_project.LaptopTest -->
