<?xml version="1.0" encoding="UTF-8"?>
<!-- Generated by org.testng.reporters.JUnitReportReporter -->
<testsuite hostname="DESKTOP-SGFIFQM" failures="0" tests="1" name="sample_project.PomscmTest" time="4.372" errors="0" timestamp="2025-05-21T16:02:40 IST" skipped="0">
  <testcase classname="sample_project.PomscmTest" name="launch" time="4.372">
    <system-out>
      <![CDATA[PollscmTest class executed]]>
    </system-out>
  </testcase> <!-- launch -->
  <system-out>
    <![CDATA[PollscmTest class executed]]>
  </system-out>
</testsuite> <!-- sample_project.PomscmTest -->
